Unity Editor version:    2020.3.22f1 (e1a7f79fd887)
Branch:                  2020.3/staging
Build type:              Release
Batch mode:              YES
macOS version:           Version 12.0.1 (Build 21A559)
Darwin version:          21.1.0
Architecture:            x86_64
Running under Rosetta:   NO
Available memory:        8192 MB
Using pre-set license
Pro License: NO

COMMAND LINE ARGUMENTS:
/Applications/Unity/Unity.app/Contents/MacOS/Unity
-adb2
-batchMode
-noUpm
-name
AssetImportWorker0
-projectPath
/Users/adriana/Documents/Sergio/M4Tarea
-logFile
Logs/AssetImportWorker0.log
-srvPort
52966
Successfully changed project path to: /Users/adriana/Documents/Sergio/M4Tarea
/Users/adriana/Documents/Sergio/M4Tarea
Using Asset Import Pipeline V2.
Refreshing native plugins compatible for Editor in 46.89 ms, found 2 plugins.
Preloading 0 native plugins for Editor in 0.00 ms.
Initialize engine version: 2020.3.22f1 (e1a7f79fd887)
[Subsystems] Discovering subsystems at path /Applications/Unity/Unity.app/Contents/Resources/UnitySubsystems
[Subsystems] Discovering subsystems at path /Users/adriana/Documents/Sergio/M4Tarea/Assets
GfxDevice: creating device client; threaded=0
2021-11-18 16:37:17.127 Unity[3173:79227] Color LCD preferred device: Intel(R) Iris(TM) Plus Graphics 640 (low power)
2021-11-18 16:37:17.128 Unity[3173:79227] Metal devices available: 1
2021-11-18 16:37:17.128 Unity[3173:79227] 0: Intel(R) Iris(TM) Plus Graphics 640 (low power)
2021-11-18 16:37:17.128 Unity[3173:79227] Using device Intel(R) Iris(TM) Plus Graphics 640 (low power)
Initializing Metal device caps: Intel(R) Iris(TM) Plus Graphics 640
Initialize mono
Mono path[0] = '/Applications/Unity/Unity.app/Contents/Managed'
Mono path[1] = '/Applications/Unity/Unity.app/Contents/MonoBleedingEdge/lib/mono/unityjit'
Mono config path = '/Applications/Unity/Unity.app/Contents/MonoBleedingEdge/etc'
Using monoOptions --debugger-agent=transport=dt_socket,embedding=1,server=y,suspend=n,address=127.0.0.1:56173
Begin MonoManager ReloadAssembly
Registering precompiled unity dll's ...
Register platform support module: /Applications/Unity/Unity.app/Contents/PlaybackEngines/MacStandaloneSupport/UnityEditor.OSXStandalone.Extensions.dll
Registered in 0.000526 seconds.
Native extension for OSXStandalone target not found
Refreshing native plugins compatible for Editor in 41.50 ms, found 2 plugins.
Preloading 0 native plugins for Editor in 0.00 ms.
Mono: successfully reloaded assembly
- Completed reload, in  2.080 seconds
Domain Reload Profiling:
	ReloadAssembly (2080ms)
		BeginReloadAssembly (53ms)
			ExecutionOrderSort (0ms)
			DisableScriptedObjects (0ms)
			BackupInstance (0ms)
			ReleaseScriptingObjects (0ms)
			CreateAndSetChildDomain (1ms)
		EndReloadAssembly (578ms)
			LoadAssemblies (51ms)
			RebuildTransferFunctionScriptingTraits (0ms)
			SetupTypeCache (217ms)
			ReleaseScriptCaches (0ms)
			RebuildScriptCaches (45ms)
			SetupLoadedEditorAssemblies (208ms)
				LogAssemblyErrors (0ms)
				InitializePlatformSupportModulesInManaged (5ms)
				SetLoadedEditorAssemblies (0ms)
				RefreshPlugins (42ms)
				BeforeProcessingInitializeOnLoad (9ms)
				ProcessInitializeOnLoadAttributes (117ms)
				ProcessInitializeOnLoadMethodAttributes (36ms)
				AfterProcessingInitializeOnLoad (0ms)
				EditorAssembliesLoaded (0ms)
			ExecutionOrderSort2 (0ms)
			AwakeInstancesAfterBackupRestoration (0ms)
Platform modules already initialized, skipping
Registering precompiled user dll's ...
Registered in 0.005408 seconds.
Begin MonoManager ReloadAssembly
Native extension for OSXStandalone target not found
Refreshing native plugins compatible for Editor in 0.61 ms, found 2 plugins.
Preloading 0 native plugins for Editor in 0.00 ms.
Mono: successfully reloaded assembly
- Completed reload, in  1.812 seconds
Domain Reload Profiling:
	ReloadAssembly (1813ms)
		BeginReloadAssembly (167ms)
			ExecutionOrderSort (0ms)
			DisableScriptedObjects (6ms)
			BackupInstance (0ms)
			ReleaseScriptingObjects (0ms)
			CreateAndSetChildDomain (25ms)
		EndReloadAssembly (1569ms)
			LoadAssemblies (141ms)
			RebuildTransferFunctionScriptingTraits (0ms)
			SetupTypeCache (386ms)
			ReleaseScriptCaches (1ms)
			RebuildScriptCaches (64ms)
			SetupLoadedEditorAssemblies (839ms)
				LogAssemblyErrors (0ms)
				InitializePlatformSupportModulesInManaged (6ms)
				SetLoadedEditorAssemblies (1ms)
				RefreshPlugins (1ms)
				BeforeProcessingInitializeOnLoad (72ms)
				ProcessInitializeOnLoadAttributes (740ms)
				ProcessInitializeOnLoadMethodAttributes (15ms)
				AfterProcessingInitializeOnLoad (4ms)
				EditorAssembliesLoaded (0ms)
			ExecutionOrderSort2 (0ms)
			AwakeInstancesAfterBackupRestoration (9ms)
Platform modules already initialized, skipping
Validating Project structure ... 0.006431 seconds.
Shader import version has changed; will reimport all shaders...
Upgrading shader files ...0.008759 seconds.
Application.AssetDatabase Initial Script Refresh Start
RefreshInfo: InitialScriptRefreshV2(NoUpdateAssetOptions) scanfilter:  ... 1 filters
RefreshProfiler: Total: 0.000ms
Application.AssetDatabase Initial Script Refresh End
Application.AssetDatabase.Refresh Start
Application.AssetDatabase.Refresh End
RefreshInfo: StopAssetImportingV2(ForceSynchronousImport) scanfilter: 
RefreshProfiler: Total: 0.000ms
Launching external process: /Applications/Unity/Unity.app/Contents/Tools/UnityShaderCompiler
Launched and connected shader compiler UnityShaderCompiler after 0.02 seconds
Initializing Unity extensions:
2021-11-18 16:37:23.644 Unity[3173:79227] NSEventModifierFlagFunction specified to -setKeyEquivalentModifierMask: for item <NSMenuItem: 0x60000225ee60 Font Asset, ke='Command-F12'>, but is only supported for system-provided menu items; will not be used
2021-11-18 16:37:23.655 Unity[3173:79227] NSEventModifierFlagFunction specified to -setKeyEquivalentModifierMask: for item <NSMenuItem: 0x60000225f800 Font Asset, ke='Command-F12'>, but is only supported for system-provided menu items; will not be used
========================================================================
Worker process is ready to serve import requests
Refreshing native plugins compatible for Editor in 0.65 ms, found 2 plugins.
Preloading 0 native plugins for Editor in 0.00 ms.
Unloading 1492 Unused Serialized files (Serialized files now loaded: 0)
System memory in use before: 194.2 MB.
System memory in use after: 193.4 MB.

Unloading 83 unused Assets to reduce memory usage. Loaded Objects now: 1963.
Total: 3.885767 ms (FindLiveObjects: 0.180447 ms CreateObjectMapping: 0.048129 ms MarkObjects: 3.131552 ms  DeleteObjects: 0.524459 ms)

AssetImportParameters requested are different than current active one (requested -> active):
  custom:video-decoder-ogg-theora: a1e56fd34408186e4bbccfd4996cb3dc -> 
  custom:container-muxer-webm: aa71ff27fc2769a1b78a27578f13a17b -> 
  custom:container-demuxer-webm: 4f35f7cbe854078d1ac9338744f61a02 -> 
  custom:container-demuxer-ogg: 62fdf1f143b41e24485cea50d1cbac27 -> 
  custom:video-encoder-webm-vp8: eb34c28f22e8b96e1ab97ce403110664 -> 
  custom:framework-osx-AVFoundation: e770b220cccbd017edd2c1fefb359320 -> 
  custom:video-decoder-webm-vp8: 9c59270c3fd7afecdb556c50c9e8de78 -> 
  custom:audio-decoder-ogg-vorbis: bf7c407c2cedff20999df2af8eb42d56 -> 
  custom:audio-encoder-webm-vorbis: bf7c407c2cedff20999df2af8eb42d56 -> 
========================================================================
Received Import Request.
  path: Assets/Scenes/mainScene/NavMesh.asset
  artifactKey: Guid(0e7f4149a4187e3418a7f2b8564dc90b) Importer(815301076,1909f56bfc062723c751e8b465ee728b)
Start importing Assets/Scenes/mainScene/NavMesh.asset using Guid(0e7f4149a4187e3418a7f2b8564dc90b) Importer(815301076,1909f56bfc062723c751e8b465ee728b)  -> (artifact id: '5303a583929affe6735d22e3438a6822') in 0.123877 seconds 
  Import took 0.127313 seconds .

========================================================================
Received Import Request.
  Time since last request: 0.004233 seconds.
  path: Assets/Scenes/mainScene/mainScene.unity
  artifactKey: Guid(a2e555494d317b14f82ce1301ea21484) Importer(815301076,1909f56bfc062723c751e8b465ee728b)
Start importing Assets/Scenes/mainScene/mainScene.unity using Guid(a2e555494d317b14f82ce1301ea21484) Importer(815301076,1909f56bfc062723c751e8b465ee728b)  -> (artifact id: 'd5f6d225ea4c21b712591e6a777a1bb8') in 0.001720 seconds 
  Import took 0.005430 seconds .

========================================================================
Received Import Request.
  Time since last request: 0.000411 seconds.
  path: Assets/Scenes/mainScene
  artifactKey: Guid(ea5af125f008417478d84999f7d04ea0) Importer(815301076,1909f56bfc062723c751e8b465ee728b)
Start importing Assets/Scenes/mainScene using Guid(ea5af125f008417478d84999f7d04ea0) Importer(815301076,1909f56bfc062723c751e8b465ee728b)  -> (artifact id: 'd3cec9f07f4c18b5f6d924e6d820c8e4') in 0.001490 seconds 
  Import took 0.005926 seconds .

========================================================================
Received Import Request.
  Time since last request: 0.000493 seconds.
  path: Assets/Assets
  artifactKey: Guid(620e3efb809e13d4b97273b8b9d94c4e) Importer(815301076,1909f56bfc062723c751e8b465ee728b)
Start importing Assets/Assets using Guid(620e3efb809e13d4b97273b8b9d94c4e) Importer(815301076,1909f56bfc062723c751e8b465ee728b)  -> (artifact id: '894b6b2bbf91866ad85019a6aeb0741e') in 0.002305 seconds 
  Import took 0.007856 seconds .

========================================================================
Received Import Request.
  Time since last request: 0.000247 seconds.
  path: Assets/Scenes
  artifactKey: Guid(2cf6ec1c9532d4f65a2e2fdcf385ab02) Importer(815301076,1909f56bfc062723c751e8b465ee728b)
Start importing Assets/Scenes using Guid(2cf6ec1c9532d4f65a2e2fdcf385ab02) Importer(815301076,1909f56bfc062723c751e8b465ee728b)  -> (artifact id: '232e5d793e5f690e322c8da56c665230') in 0.001613 seconds 
  Import took 0.004945 seconds .

